TN:
SF:/Users/celestinniyonsaba/Documents/Projects/ah-92explorers-backend/controllers/admin.js
FNF:0
FNH:0
DA:1,1
DA:2,1
DA:4,1
DA:132,1
LF:4
LH:4
BRDA:63,0,0,2
BRDA:63,0,1,1
BRF:2
BRH:2
end_of_record
TN:
SF:/Users/celestinniyonsaba/Documents/Projects/ah-92explorers-backend/controllers/article.js
FN:44,(anonymous_15)
FNF:1
FNH:1
FNDA:6,(anonymous_15)
DA:1,1
DA:2,1
DA:3,1
DA:4,1
DA:5,1
DA:7,1
DA:9,1
DA:25,3
DA:26,1
DA:27,3
DA:28,1
DA:29,1
DA:44,3
DA:45,6
DA:234,1
DA:235,1
DA:241,1
DA:242,1
DA:248,1
DA:249,1
DA:260,1
LF:21
LH:21
BRDA:25,0,0,1
BRDA:25,0,1,2
BRDA:27,1,0,1
BRDA:27,1,1,1
BRDA:52,2,0,0
BRDA:52,2,1,3
BRDA:53,3,0,1
BRDA:53,3,1,2
BRDA:80,4,0,1
BRDA:80,4,1,0
BRDA:82,5,0,0
BRDA:82,5,1,1
BRDA:164,6,0,1
BRDA:164,6,1,0
BRDA:165,7,0,0
BRDA:165,7,1,1
BRDA:240,8,0,1
BRDA:247,9,0,1
BRDA:234,10,0,0
BRDA:234,10,1,1
BRDA:241,11,0,0
BRDA:241,11,1,1
BRDA:248,12,0,0
BRDA:248,12,1,1
BRF:24
BRH:16
end_of_record
TN:
SF:/Users/celestinniyonsaba/Documents/Projects/ah-92explorers-backend/controllers/auth.js
FN:13,(anonymous_7)
FN:13,_callee
FN:13,signup
FN:61,(anonymous_11)
FN:61,_callee2
FN:61,signin
FN:90,(anonymous_15)
FN:90,_callee3
FN:90,verifyUser
FN:119,(anonymous_19)
FN:119,_callee4
FN:119,signoutUser
FNF:12
FNH:12
FNDA:1,(anonymous_7)
FNDA:16,_callee
FNDA:3,signup
FNDA:1,(anonymous_11)
FNDA:90,_callee2
FNDA:15,signin
FNDA:1,(anonymous_15)
FNDA:3,_callee3
FNDA:1,verifyUser
FNDA:1,(anonymous_19)
FNDA:4,_callee4
FNDA:1,signoutUser
DA:1,1
DA:2,1
DA:3,1
DA:4,1
DA:5,1
DA:6,1
DA:8,1
DA:10,1
DA:11,1
DA:13,60
DA:17,3
DA:18,3
DA:20,2
DA:31,1
DA:32,1
DA:45,1
DA:61,389
DA:63,15
DA:65,15
DA:70,14
DA:71,14
DA:90,14
DA:91,1
DA:92,1
DA:94,1
DA:101,0
DA:119,12
DA:121,1
DA:127,0
LF:29
LH:27
BRDA:13,0,0,3
BRDA:13,0,1,3
BRDA:13,0,2,2
BRDA:13,0,3,1
BRDA:13,0,4,0
BRDA:13,0,5,1
BRDA:13,0,6,1
BRDA:13,0,7,0
BRDA:13,0,8,2
BRDA:13,1,0,0
BRDA:13,1,1,1
BRDA:61,2,0,15
BRDA:61,2,1,15
BRDA:61,2,2,15
BRDA:61,2,3,15
BRDA:61,2,4,14
BRDA:61,2,5,1
BRDA:61,2,6,0
BRDA:61,2,7,0
BRDA:61,2,8,0
BRDA:61,2,9,15
BRDA:61,3,0,15
BRDA:61,3,1,14
BRDA:90,4,0,1
BRDA:90,4,1,1
BRDA:90,4,2,1
BRDA:90,4,3,0
BRDA:90,4,4,0
BRDA:90,4,5,0
BRDA:90,4,6,0
BRDA:90,4,7,0
BRDA:90,5,0,1
BRDA:90,5,1,0
BRDA:119,6,0,1
BRDA:119,6,1,1
BRDA:119,6,2,0
BRDA:119,6,3,0
BRDA:119,6,4,1
BRF:38
BRH:24
end_of_record
TN:
SF:/Users/celestinniyonsaba/Documents/Projects/ah-92explorers-backend/controllers/comment.js
FN:6,(anonymous_7)
FN:6,_callee
FN:6,createComment
FNF:3
FNH:3
FNDA:1,(anonymous_7)
FNDA:37,_callee
FNDA:5,createComment
DA:1,1
DA:5,1
DA:6,144
DA:7,5
DA:8,5
DA:9,5
DA:10,5
DA:12,5
DA:17,5
DA:21,3
DA:22,2
DA:27,2
DA:33,2
DA:35,2
DA:54,1
LF:15
LH:15
BRDA:6,0,0,5
BRDA:6,0,1,5
BRDA:6,0,2,5
BRDA:6,0,3,5
BRDA:6,0,4,2
BRDA:6,0,5,2
BRDA:6,0,6,2
BRDA:6,0,7,2
BRDA:6,0,8,1
BRDA:6,0,9,1
BRDA:6,0,10,1
BRDA:6,0,11,5
BRDA:6,1,0,2
BRDA:6,1,1,5
BRDA:20,2,0,5
BRDA:20,2,1,3
BRF:16
BRH:16
end_of_record
TN:
SF:/Users/celestinniyonsaba/Documents/Projects/ah-92explorers-backend/controllers/followers.js
FNF:0
FNH:0
DA:1,1
DA:3,1
DA:103,1
LF:3
LH:3
BRDA:67,0,0,0
BRDA:67,0,1,2
BRDA:93,1,0,1
BRDA:93,1,1,1
BRF:4
BRH:3
end_of_record
TN:
SF:/Users/celestinniyonsaba/Documents/Projects/ah-92explorers-backend/controllers/index.js
FN:1,(anonymous_0)
FN:2,(anonymous_2)
FN:3,(anonymous_4)
FNF:3
FNH:3
FNDA:8,(anonymous_0)
FNDA:1,(anonymous_2)
FNDA:2,(anonymous_4)
DA:1,14
DA:2,4
DA:3,5
LF:3
LH:3
BRDA:1,0,0,4
BRDA:1,0,1,8
BRDA:2,1,0,1
BRDA:2,1,1,2
BRDA:3,2,0,1
BRDA:3,2,1,2
BRF:6
BRH:6
end_of_record
TN:
SF:/Users/celestinniyonsaba/Documents/Projects/ah-92explorers-backend/controllers/likeComment.js
FNF:0
FNH:0
DA:1,1
DA:5,1
LF:2
LH:2
BRF:0
BRH:0
end_of_record
TN:
SF:/Users/celestinniyonsaba/Documents/Projects/ah-92explorers-backend/controllers/likes.js
FNF:0
FNH:0
DA:1,1
DA:3,1
DA:131,1
LF:3
LH:3
BRDA:36,0,0,1
BRDA:48,1,0,1
BRDA:98,2,0,1
BRDA:110,3,0,1
BRF:4
BRH:4
end_of_record
TN:
SF:/Users/celestinniyonsaba/Documents/Projects/ah-92explorers-backend/controllers/profile.js
FNF:0
FNH:0
DA:1,1
DA:3,1
DA:131,1
LF:3
LH:3
BRDA:74,0,0,0
BRDA:74,0,1,1
BRF:2
BRH:1
end_of_record
TN:
SF:/Users/celestinniyonsaba/Documents/Projects/ah-92explorers-backend/controllers/rating.js
FN:47,(anonymous_15)
FN:55,(anonymous_16)
FNF:2
FNH:1
FNDA:3,(anonymous_15)
FNDA:0,(anonymous_16)
DA:1,1
DA:3,1
DA:47,3
DA:55,0
DA:73,4
DA:74,2
DA:75,3
DA:76,1
DA:77,1
DA:112,1
LF:10
LH:9
BRDA:73,0,0,2
BRDA:73,0,1,2
BRDA:75,1,0,1
BRDA:75,1,1,1
BRDA:98,2,0,0
BRDA:98,2,1,3
BRDA:99,3,0,0
BRDA:99,3,1,3
BRF:8
BRH:6
end_of_record
TN:
SF:/Users/celestinniyonsaba/Documents/Projects/ah-92explorers-backend/controllers/report.js
FNF:0
FNH:0
DA:1,1
DA:3,1
DA:92,2
DA:185,1
LF:4
LH:4
BRF:0
BRH:0
end_of_record
TN:
SF:/Users/celestinniyonsaba/Documents/Projects/ah-92explorers-backend/controllers/resetPassword.js
FN:60,getToken
FNF:1
FNH:1
FNDA:1,getToken
DA:1,1
DA:2,1
DA:3,1
DA:4,1
DA:5,1
DA:7,1
DA:9,1
DA:11,1
DA:12,1
DA:43,1
DA:44,1
DA:45,1
DA:61,1
DA:97,1
LF:14
LH:14
BRF:0
BRH:0
end_of_record
TN:
SF:/Users/celestinniyonsaba/Documents/Projects/ah-92explorers-backend/controllers/search.js
FN:8,(anonymous_7)
FN:8,_callee
FN:30,(anonymous_10)
FN:47,(anonymous_11)
FN:8,search
FNF:5
FNH:5
FNDA:1,(anonymous_7)
FNDA:12,_callee
FNDA:4,(anonymous_10)
FNDA:4,(anonymous_11)
FNDA:4,search
DA:1,1
DA:2,1
DA:3,1
DA:4,1
DA:6,1
DA:7,1
DA:8,52
DA:9,4
DA:10,4
DA:11,4
DA:19,4
DA:30,4
DA:31,4
DA:43,4
DA:46,4
DA:47,4
DA:48,4
DA:49,4
DA:50,3
DA:52,1
LF:20
LH:20
BRDA:8,0,0,4
BRDA:8,0,1,4
BRDA:8,0,2,0
BRDA:8,0,3,4
BRDA:8,0,4,4
BRDA:47,1,0,4
BRDA:47,1,1,3
BRDA:47,1,2,3
BRDA:47,1,3,2
BRDA:49,2,0,3
BRDA:49,2,1,1
BRF:11
BRH:10
end_of_record
TN:
SF:/Users/celestinniyonsaba/Documents/Projects/ah-92explorers-backend/controllers/socialAuth.js
FN:10,returnValue
FNF:1
FNH:1
FNDA:2,returnValue
DA:1,1
DA:2,1
DA:3,1
DA:5,1
DA:7,1
DA:10,2
DA:11,2
DA:12,2
DA:13,2
DA:14,2
DA:15,2
DA:36,2
DA:37,2
LF:13
LH:13
BRDA:36,0,0,2
BRDA:36,0,1,0
BRF:2
BRH:1
end_of_record
TN:
SF:/Users/celestinniyonsaba/Documents/Projects/ah-92explorers-backend/middlewares/checkResourceOwner.js
FN:8,(anonymous_7)
FN:8,_callee
FN:8,checkArticleOwner
FNF:3
FNH:3
FNDA:1,(anonymous_7)
FNDA:26,_callee
FNDA:6,checkArticleOwner
DA:1,1
DA:3,1
DA:8,130
DA:10,6
DA:11,6
DA:19,4
DA:20,4
LF:7
LH:7
BRDA:8,0,0,6
BRDA:8,0,1,6
BRDA:8,0,2,6
BRDA:8,0,3,4
BRDA:8,0,4,4
BRDA:8,0,5,0
BRDA:8,0,6,4
BRDA:8,0,7,6
BRDA:8,1,0,8
BRDA:8,1,1,2
BRF:10
BRH:9
end_of_record
TN:
SF:/Users/celestinniyonsaba/Documents/Projects/ah-92explorers-backend/middlewares/checkToken.js
FN:6,(anonymous_7)
FN:6,_callee
FN:20,(anonymous_10)
FN:6,checkToken
FNF:4
FNH:4
FNDA:1,(anonymous_7)
FNDA:226,_callee
FNDA:62,(anonymous_10)
FNDA:72,checkToken
DA:1,1
DA:2,1
DA:3,1
DA:5,1
DA:6,1120
DA:8,72
DA:9,64
DA:20,62
DA:21,62
DA:22,5
DA:26,57
DA:27,57
LF:12
LH:12
BRDA:6,0,0,72
BRDA:6,0,1,64
BRDA:6,0,2,0
BRDA:6,0,3,2
BRDA:6,0,4,62
BRDA:6,0,5,62
BRDA:6,0,6,8
BRDA:6,0,7,62
BRDA:6,0,8,72
BRDA:8,1,0,61
BRDA:8,1,1,3
BRDA:6,2,0,64
BRDA:6,2,1,126
BRDA:21,3,0,5
BRDA:21,3,1,57
BRF:15
BRH:14
end_of_record
TN:
SF:/Users/celestinniyonsaba/Documents/Projects/ah-92explorers-backend/middlewares/imageUpload.js
FNF:0
FNH:0
DA:1,1
DA:2,1
DA:3,1
DA:5,1
DA:6,1
DA:11,1
DA:17,1
DA:19,1
LF:8
LH:8
BRF:0
BRH:0
end_of_record
TN:
SF:/Users/celestinniyonsaba/Documents/Projects/ah-92explorers-backend/middlewares/index.js
FN:1,(anonymous_0)
FN:2,(anonymous_2)
FNF:2
FNH:2
FNDA:20,(anonymous_0)
FNDA:5,(anonymous_2)
DA:1,23
DA:2,8
LF:2
LH:2
BRDA:1,0,0,1
BRDA:1,0,1,2
BRDA:2,1,0,1
BRDA:2,1,1,2
BRF:4
BRH:4
end_of_record
TN:
SF:/Users/celestinniyonsaba/Documents/Projects/ah-92explorers-backend/middlewares/passport.js
FNF:0
FNH:0
DA:1,1
DA:2,1
DA:3,1
DA:4,1
DA:5,1
DA:7,1
DA:14,1
DA:21,1
DA:28,1
DA:30,1
DA:32,1
LF:11
LH:11
BRF:0
BRH:0
end_of_record
TN:
SF:/Users/celestinniyonsaba/Documents/Projects/ah-92explorers-backend/middlewares/validations/articleValidations.js
FNF:0
FNH:0
DA:17,3
DA:19,1
DA:20,2
DA:21,1
DA:26,1
DA:39,3
DA:40,0
DA:41,3
DA:42,2
DA:47,1
DA:51,1
LF:11
LH:10
BRDA:17,0,0,1
BRDA:17,0,1,2
BRDA:17,1,0,3
BRDA:17,1,1,3
BRDA:17,1,2,2
BRDA:17,1,3,2
BRDA:20,2,0,1
BRDA:20,2,1,1
BRDA:20,3,0,2
BRDA:20,3,1,1
BRDA:39,4,0,0
BRDA:39,4,1,3
BRDA:39,5,0,3
BRDA:39,5,1,2
BRDA:39,5,2,3
BRDA:39,5,3,2
BRDA:41,6,0,2
BRDA:41,6,1,1
BRDA:41,7,0,3
BRDA:41,7,1,2
BRDA:41,7,2,2
BRDA:41,7,3,2
BRF:22
BRH:21
end_of_record
TN:
SF:/Users/celestinniyonsaba/Documents/Projects/ah-92explorers-backend/middlewares/validations/authValidations.js
FNF:0
FNH:0
DA:45,5
DA:77,15
DA:103,1
DA:117,2
DA:121,1
LF:5
LH:5
BRDA:18,0,0,1
BRDA:8,1,0,9
BRDA:8,1,1,9
BRDA:8,1,2,9
BRDA:8,1,3,9
BRDA:8,1,4,8
BRDA:8,1,5,8
BRDA:28,2,0,1
BRDA:18,3,0,8
BRDA:18,3,1,7
BRDA:18,3,2,7
BRDA:33,4,0,1
BRDA:60,5,0,0
BRDA:54,6,0,15
BRDA:54,6,1,15
BRDA:54,6,2,15
BRDA:54,6,3,15
BRDA:71,7,0,0
BRDA:93,8,0,0
BRDA:97,9,0,0
BRF:20
BRH:16
end_of_record
TN:
SF:/Users/celestinniyonsaba/Documents/Projects/ah-92explorers-backend/middlewares/validations/ratingValidations.js
FN:7,validateRating
FNF:1
FNH:1
FNDA:6,validateRating
DA:8,6
DA:10,6
DA:12,1
DA:17,1
DA:22,4
LF:5
LH:5
BRDA:11,0,0,1
BRDA:11,0,1,1
BRDA:16,1,0,5
BRDA:16,1,1,5
BRF:4
BRH:4
end_of_record
TN:
SF:/Users/celestinniyonsaba/Documents/Projects/ah-92explorers-backend/middlewares/validations/reportValidations.js
FNF:0
FNH:0
DA:47,3
DA:51,1
LF:2
LH:2
BRDA:28,0,0,0
BRDA:18,1,0,3
BRDA:18,1,1,3
BRDA:18,1,2,3
BRDA:18,1,3,3
BRDA:18,1,4,3
BRDA:18,1,5,3
BRDA:37,2,0,0
BRDA:28,3,0,3
BRDA:28,3,1,3
BRDA:28,3,2,3
BRDA:37,4,0,3
BRDA:37,4,1,3
BRDA:37,4,2,3
BRF:14
BRH:12
end_of_record
TN:
SF:/Users/celestinniyonsaba/Documents/Projects/ah-92explorers-backend/routes/index.js
FNF:0
FNH:0
DA:1,1
DA:2,1
DA:4,1
DA:6,1
DA:8,1
LF:5
LH:5
BRF:0
BRH:0
end_of_record
TN:
SF:/Users/celestinniyonsaba/Documents/Projects/ah-92explorers-backend/routes/api/admin.js
FNF:0
FNH:0
DA:1,1
DA:2,1
DA:3,1
DA:4,1
DA:6,1
DA:7,1
DA:8,1
DA:9,1
DA:10,1
DA:12,1
LF:10
LH:10
BRF:0
BRH:0
end_of_record
TN:
SF:/Users/celestinniyonsaba/Documents/Projects/ah-92explorers-backend/routes/api/articles.js
FNF:0
FNH:0
DA:1,1
DA:2,1
DA:3,1
DA:4,1
DA:5,1
DA:6,1
DA:7,1
DA:9,1
DA:29,1
DA:68,1
DA:92,1
DA:136,1
DA:163,1
DA:196,1
DA:231,1
DA:233,1
LF:16
LH:16
BRF:0
BRH:0
end_of_record
TN:
SF:/Users/celestinniyonsaba/Documents/Projects/ah-92explorers-backend/routes/api/index.js
FNF:0
FNH:0
DA:1,1
DA:2,1
DA:3,1
DA:4,1
DA:5,1
DA:6,1
DA:7,1
DA:8,1
DA:9,1
DA:11,1
DA:13,1
DA:14,1
DA:15,1
DA:16,1
DA:17,1
DA:18,1
DA:19,1
DA:20,1
DA:22,1
LF:19
LH:19
BRF:0
BRH:0
end_of_record
TN:
SF:/Users/celestinniyonsaba/Documents/Projects/ah-92explorers-backend/routes/api/likes.js
FNF:0
FNH:0
DA:1,1
DA:2,1
DA:3,1
DA:4,1
DA:6,1
DA:7,1
DA:8,1
DA:9,1
DA:43,1
DA:45,1
LF:10
LH:10
BRF:0
BRH:0
end_of_record
TN:
SF:/Users/celestinniyonsaba/Documents/Projects/ah-92explorers-backend/routes/api/ratings.js
FNF:0
FNH:0
DA:1,1
DA:2,1
DA:3,1
DA:4,1
DA:6,1
DA:45,1
DA:46,1
DA:48,1
LF:8
LH:8
BRF:0
BRH:0
end_of_record
TN:
SF:/Users/celestinniyonsaba/Documents/Projects/ah-92explorers-backend/routes/api/report.js
FNF:0
FNH:0
DA:1,1
DA:2,1
DA:3,1
DA:4,1
DA:6,1
DA:11,1
DA:20,1
DA:29,1
DA:38,1
DA:44,1
LF:10
LH:10
BRF:0
BRH:0
end_of_record
TN:
SF:/Users/celestinniyonsaba/Documents/Projects/ah-92explorers-backend/routes/api/search.js
FNF:0
FNH:0
DA:1,1
DA:2,1
DA:4,1
DA:6,1
DA:8,1
LF:5
LH:5
BRF:0
BRH:0
end_of_record
TN:
SF:/Users/celestinniyonsaba/Documents/Projects/ah-92explorers-backend/routes/api/socialTest.js
FNF:0
FNH:0
DA:1,1
DA:2,1
DA:3,1
DA:5,1
DA:7,1
DA:8,1
DA:9,1
DA:11,1
LF:8
LH:8
BRF:0
BRH:0
end_of_record
TN:
SF:/Users/celestinniyonsaba/Documents/Projects/ah-92explorers-backend/routes/api/users.js
FNF:0
FNH:0
DA:3,1
DA:4,1
DA:5,1
DA:8,1
DA:9,1
DA:10,1
DA:11,1
DA:12,1
DA:13,1
DA:14,1
DA:18,1
DA:59,1
DA:91,1
DA:93,1
DA:94,1
DA:96,1
DA:97,1
DA:99,1
DA:100,1
DA:101,1
DA:102,1
DA:128,1
DA:129,1
DA:160,1
DA:179,1
DA:202,1
DA:280,1
DA:281,1
DA:282,1
DA:283,1
DA:285,1
LF:31
LH:31
BRF:0
BRH:0
end_of_record
TN:
SF:/Users/celestinniyonsaba/Documents/Projects/ah-92explorers-backend/swaggerSetUp/ah-92explorers-api.js
FNF:0
FNH:0
DA:1,1
DA:3,1
DA:23,1
DA:28,1
LF:4
LH:4
BRF:0
BRH:0
end_of_record
