TN:
SF:/Users/kodek-sleuth/Desktop/ah-92explorers-backend/controllers/admin.js
FNF:0
FNH:0
DA:1,1
DA:2,1
DA:4,1
DA:132,1
LF:4
LH:4
BRDA:63,0,0,2
BRDA:63,0,1,1
BRF:2
BRH:2
end_of_record
TN:
SF:/Users/kodek-sleuth/Desktop/ah-92explorers-backend/controllers/auth.js
FN:13,(anonymous_7)
FN:13,_callee
FN:13,signup
FN:57,(anonymous_11)
FN:57,_callee2
FN:57,signin
FN:85,(anonymous_15)
FN:85,_callee3
FN:85,verifyUser
FN:115,(anonymous_19)
FN:115,_callee4
FN:115,signoutUser
FNF:12
FNH:12
FNDA:1,(anonymous_7)
FNDA:16,_callee
FNDA:3,signup
FNDA:1,(anonymous_11)
FNDA:24,_callee2
FNDA:4,signin
FNDA:1,(anonymous_15)
FNDA:3,_callee3
FNDA:1,verifyUser
FNDA:1,(anonymous_19)
FNDA:4,_callee4
FNDA:1,signoutUser
DA:1,1
DA:2,1
DA:3,1
DA:4,1
DA:5,1
DA:6,1
DA:8,1
DA:10,1
DA:11,1
DA:13,60
DA:17,3
DA:18,3
DA:20,2
DA:27,1
DA:28,1
DA:41,1
DA:57,103
DA:59,4
DA:61,4
DA:66,3
DA:67,3
DA:85,14
DA:86,1
DA:88,1
DA:90,1
DA:97,0
DA:115,12
DA:117,1
DA:123,0
LF:29
LH:27
BRDA:13,0,0,3
BRDA:13,0,1,3
BRDA:13,0,2,2
BRDA:13,0,3,1
BRDA:13,0,4,0
BRDA:13,0,5,1
BRDA:13,0,6,1
BRDA:13,0,7,0
BRDA:13,0,8,2
BRDA:13,1,0,0
BRDA:13,1,1,1
BRDA:57,2,0,4
BRDA:57,2,1,4
BRDA:57,2,2,4
BRDA:57,2,3,4
BRDA:57,2,4,3
BRDA:57,2,5,1
BRDA:57,2,6,0
BRDA:57,2,7,0
BRDA:57,2,8,0
BRDA:57,2,9,4
BRDA:57,3,0,4
BRDA:57,3,1,3
BRDA:85,4,0,1
BRDA:85,4,1,1
BRDA:85,4,2,1
BRDA:85,4,3,0
BRDA:85,4,4,0
BRDA:85,4,5,0
BRDA:85,4,6,0
BRDA:85,4,7,0
BRDA:85,5,0,1
BRDA:85,5,1,0
BRDA:115,6,0,1
BRDA:115,6,1,1
BRDA:115,6,2,0
BRDA:115,6,3,0
BRDA:115,6,4,1
BRF:38
BRH:24
end_of_record
TN:
SF:/Users/kodek-sleuth/Desktop/ah-92explorers-backend/controllers/index.js
FN:1,(anonymous_0)
FNF:1
FNH:1
FNDA:8,(anonymous_0)
DA:1,14
LF:1
LH:1
BRDA:1,0,0,4
BRDA:1,0,1,8
BRF:2
BRH:2
end_of_record
TN:
SF:/Users/kodek-sleuth/Desktop/ah-92explorers-backend/controllers/socialAuth.js
FN:10,returnValue
FNF:1
FNH:1
FNDA:2,returnValue
DA:1,1
DA:2,1
DA:3,1
DA:5,1
DA:7,1
DA:10,2
DA:11,2
DA:12,2
DA:13,2
DA:14,2
DA:15,2
DA:36,2
DA:37,2
LF:13
LH:13
BRDA:36,0,0,2
BRDA:36,0,1,0
BRF:2
BRH:1
end_of_record
TN:
SF:/Users/kodek-sleuth/Desktop/ah-92explorers-backend/helpers/auth.js
FN:8,hashPassword
FN:12,comparePassword
FN:16,genToken
FN:28,decodeToken
FN:30,(anonymous_10)
FNF:5
FNH:3
FNDA:12,hashPassword
FNDA:5,comparePassword
FNDA:8,genToken
FNDA:0,decodeToken
FNDA:0,(anonymous_10)
DA:1,2
DA:2,2
DA:3,2
DA:5,2
DA:9,12
DA:13,5
DA:17,8
DA:25,8
DA:29,0
DA:30,0
DA:31,0
DA:33,0
DA:37,2
LF:13
LH:9
BRF:0
BRH:0
end_of_record
TN:
SF:/Users/kodek-sleuth/Desktop/ah-92explorers-backend/helpers/redis.js
FNF:0
FNH:0
DA:1,1
DA:2,1
DA:5,1
DA:6,1
DA:8,1
LF:5
LH:5
BRF:0
BRH:0
end_of_record
TN:
SF:/Users/kodek-sleuth/Desktop/ah-92explorers-backend/middlewares/checkDb.js
FN:9,(anonymous_7)
FN:9,_callee
FN:9,checkAdmin
FNF:3
FNH:3
FNDA:1,(anonymous_7)
FNDA:24,_callee
FNDA:8,checkAdmin
DA:1,1
DA:2,1
DA:3,1
DA:5,1
DA:7,1
DA:9,96
DA:10,8
DA:11,8
DA:12,8
DA:13,8
DA:14,8
DA:31,8
LF:12
LH:12
BRDA:9,0,0,8
BRDA:9,0,1,8
BRDA:9,0,2,0
BRDA:9,0,3,0
BRDA:9,0,4,8
BRDA:9,0,5,8
BRDA:9,0,6,8
BRDA:9,1,0,0
BRDA:9,1,1,16
BRF:9
BRH:6
end_of_record
TN:
SF:/Users/kodek-sleuth/Desktop/ah-92explorers-backend/middlewares/checkToken.js
FN:7,(anonymous_7)
FN:7,_callee
FN:23,(anonymous_10)
FN:7,checkToken
FNF:4
FNH:4
FNDA:1,(anonymous_7)
FNDA:38,_callee
FNDA:10,(anonymous_10)
FNDA:12,checkToken
DA:1,1
DA:2,1
DA:3,1
DA:5,1
DA:7,188
DA:9,12
DA:10,11
DA:23,10
DA:24,10
DA:25,1
DA:29,9
DA:30,9
LF:12
LH:12
BRDA:7,0,0,12
BRDA:7,0,1,11
BRDA:7,0,2,0
BRDA:7,0,3,1
BRDA:7,0,4,10
BRDA:7,0,5,10
BRDA:7,0,6,1
BRDA:7,0,7,10
BRDA:7,0,8,12
BRDA:7,1,0,11
BRDA:7,1,1,21
BRDA:24,2,0,1
BRDA:24,2,1,9
BRF:13
BRH:12
end_of_record
TN:
SF:/Users/kodek-sleuth/Desktop/ah-92explorers-backend/middlewares/index.js
FN:1,(anonymous_0)
FN:2,(anonymous_2)
FNF:2
FNH:2
FNDA:6,(anonymous_0)
FNDA:5,(anonymous_2)
DA:1,9
DA:2,8
LF:2
LH:2
BRDA:1,0,0,1
BRDA:1,0,1,2
BRDA:2,1,0,1
BRDA:2,1,1,2
BRF:4
BRH:4
end_of_record
TN:
SF:/Users/kodek-sleuth/Desktop/ah-92explorers-backend/middlewares/passport.js
FNF:0
FNH:0
DA:1,1
DA:2,1
DA:3,1
DA:4,1
DA:5,1
DA:7,1
DA:14,1
DA:21,1
DA:28,1
DA:30,1
DA:32,1
LF:11
LH:11
BRF:0
BRH:0
end_of_record
TN:
SF:/Users/kodek-sleuth/Desktop/ah-92explorers-backend/middlewares/validations/validations.js
FNF:0
FNH:0
DA:43,5
DA:73,4
DA:77,1
LF:3
LH:3
BRDA:18,0,0,1
BRDA:8,1,0,9
BRDA:8,1,1,9
BRDA:8,1,2,9
BRDA:8,1,3,9
BRDA:8,1,4,8
BRDA:8,1,5,8
BRDA:28,2,0,1
BRDA:18,3,0,8
BRDA:18,3,1,7
BRDA:18,3,2,7
BRDA:33,4,0,1
BRDA:58,5,0,0
BRDA:52,6,0,4
BRDA:52,6,1,4
BRDA:52,6,2,4
BRDA:52,6,3,4
BRDA:67,7,0,0
BRF:18
BRH:16
end_of_record
TN:
SF:/Users/kodek-sleuth/Desktop/ah-92explorers-backend/routes/index.js
FNF:0
FNH:0
DA:1,1
DA:2,1
DA:4,1
DA:6,1
DA:8,1
LF:5
LH:5
BRF:0
BRH:0
end_of_record
TN:
SF:/Users/kodek-sleuth/Desktop/ah-92explorers-backend/routes/api/admin.js
FNF:0
FNH:0
DA:1,1
DA:2,1
DA:3,1
DA:4,1
DA:6,1
DA:7,1
DA:8,1
DA:9,1
DA:10,1
DA:12,1
LF:10
LH:10
BRF:0
BRH:0
end_of_record
TN:
SF:/Users/kodek-sleuth/Desktop/ah-92explorers-backend/routes/api/index.js
FNF:0
FNH:0
DA:1,1
DA:2,1
DA:3,1
DA:4,1
DA:6,1
DA:8,1
DA:9,1
DA:10,1
DA:12,1
LF:9
LH:9
BRF:0
BRH:0
end_of_record
TN:
SF:/Users/kodek-sleuth/Desktop/ah-92explorers-backend/routes/api/socialTest.js
FNF:0
FNH:0
DA:1,1
DA:2,1
DA:3,1
DA:5,1
DA:7,1
DA:8,1
DA:9,1
DA:11,1
LF:8
LH:8
BRF:0
BRH:0
end_of_record
TN:
SF:/Users/kodek-sleuth/Desktop/ah-92explorers-backend/routes/api/users.js
FNF:0
FNH:0
DA:1,1
DA:2,1
DA:3,1
DA:6,1
DA:7,1
DA:8,1
DA:10,1
DA:51,1
DA:84,1
DA:86,1
DA:88,1
DA:90,1
DA:92,1
DA:94,1
DA:96,1
DA:98,1
DA:100,1
DA:102,1
LF:18
LH:18
BRF:0
BRH:0
end_of_record
TN:
SF:/Users/kodek-sleuth/Desktop/ah-92explorers-backend/swaggerSetUp/ah-92explorers-api.js
FNF:0
FNH:0
DA:1,1
DA:3,1
DA:23,1
DA:28,1
LF:4
LH:4
BRF:0
BRH:0
end_of_record
TN:
SF:/Users/kodek-sleuth/Desktop/ah-92explorers-backend/tests/admin.test.js
FN:11,(anonymous_1)
FN:12,(anonymous_2)
FN:16,(anonymous_3)
FN:30,(anonymous_4)
FN:31,(anonymous_5)
FN:37,(anonymous_6)
FN:49,(anonymous_7)
FN:55,(anonymous_8)
FN:65,(anonymous_9)
FN:66,(anonymous_10)
FN:71,(anonymous_11)
FN:88,(anonymous_12)
FN:89,(anonymous_13)
FN:94,(anonymous_14)
FN:107,(anonymous_15)
FN:112,(anonymous_16)
FN:121,(anonymous_17)
FN:126,(anonymous_18)
FN:136,(anonymous_19)
FN:137,(anonymous_20)
FN:141,(anonymous_21)
FN:148,(anonymous_22)
FN:153,(anonymous_23)
FNF:23
FNH:23
FNDA:1,(anonymous_1)
FNDA:1,(anonymous_2)
FNDA:1,(anonymous_3)
FNDA:1,(anonymous_4)
FNDA:1,(anonymous_5)
FNDA:1,(anonymous_6)
FNDA:1,(anonymous_7)
FNDA:1,(anonymous_8)
FNDA:1,(anonymous_9)
FNDA:1,(anonymous_10)
FNDA:1,(anonymous_11)
FNDA:1,(anonymous_12)
FNDA:1,(anonymous_13)
FNDA:1,(anonymous_14)
FNDA:1,(anonymous_15)
FNDA:1,(anonymous_16)
FNDA:1,(anonymous_17)
FNDA:1,(anonymous_18)
FNDA:1,(anonymous_19)
FNDA:1,(anonymous_20)
FNDA:1,(anonymous_21)
FNDA:1,(anonymous_22)
FNDA:1,(anonymous_23)
DA:1,1
DA:2,1
DA:3,1
DA:4,1
DA:6,1
DA:8,1
DA:9,1
DA:11,1
DA:12,1
DA:13,1
DA:17,1
DA:18,1
DA:19,1
DA:20,1
DA:21,1
DA:22,1
DA:23,1
DA:24,1
DA:25,1
DA:30,1
DA:31,1
DA:32,1
DA:38,1
DA:39,1
DA:40,1
DA:41,1
DA:42,1
DA:43,1
DA:44,1
DA:45,1
DA:49,1
DA:50,1
DA:56,1
DA:57,1
DA:58,1
DA:59,1
DA:60,1
DA:65,1
DA:66,1
DA:67,1
DA:72,1
DA:73,1
DA:74,1
DA:75,1
DA:76,1
DA:77,1
DA:78,1
DA:79,1
DA:80,1
DA:81,1
DA:82,1
DA:83,1
DA:88,1
DA:89,1
DA:90,1
DA:95,1
DA:96,1
DA:97,1
DA:98,1
DA:99,1
DA:100,1
DA:101,1
DA:102,1
DA:103,1
DA:107,1
DA:108,1
DA:113,1
DA:114,1
DA:115,1
DA:116,1
DA:117,1
DA:121,1
DA:122,1
DA:127,1
DA:128,1
DA:129,1
DA:130,1
DA:131,1
DA:136,1
DA:137,1
DA:138,1
DA:142,1
DA:143,1
DA:144,1
DA:148,1
DA:149,1
DA:154,1
DA:155,1
DA:156,1
DA:157,1
DA:158,1
LF:91
LH:91
BRF:0
BRH:0
end_of_record
TN:
SF:/Users/kodek-sleuth/Desktop/ah-92explorers-backend/tests/auth.test.js
FN:11,(anonymous_5)
FN:12,(anonymous_6)
FN:19,(anonymous_7)
FN:23,(anonymous_8)
FN:33,(anonymous_9)
FN:35,(anonymous_10)
FN:39,(anonymous_11)
FN:50,(anonymous_12)
FN:52,(anonymous_13)
FN:56,(anonymous_14)
FN:61,(anonymous_15)
FN:63,(anonymous_16)
FN:67,(anonymous_17)
FN:72,(anonymous_18)
FN:74,(anonymous_19)
FN:78,(anonymous_20)
FN:82,(anonymous_21)
FN:86,(anonymous_22)
FN:87,(anonymous_23)
FN:91,(anonymous_24)
FN:100,(anonymous_25)
FN:104,(anonymous_26)
FNF:22
FNH:17
FNDA:1,(anonymous_5)
FNDA:1,(anonymous_6)
FNDA:1,(anonymous_7)
FNDA:1,(anonymous_8)
FNDA:0,(anonymous_9)
FNDA:1,(anonymous_10)
FNDA:1,(anonymous_11)
FNDA:0,(anonymous_12)
FNDA:1,(anonymous_13)
FNDA:1,(anonymous_14)
FNDA:0,(anonymous_15)
FNDA:1,(anonymous_16)
FNDA:1,(anonymous_17)
FNDA:0,(anonymous_18)
FNDA:1,(anonymous_19)
FNDA:1,(anonymous_20)
FNDA:0,(anonymous_21)
FNDA:1,(anonymous_22)
FNDA:1,(anonymous_23)
FNDA:1,(anonymous_24)
FNDA:1,(anonymous_25)
FNDA:1,(anonymous_26)
DA:1,1
DA:2,1
DA:3,1
DA:4,1
DA:5,1
DA:7,1
DA:9,1
DA:11,1
DA:12,1
DA:13,1
DA:19,1
DA:20,1
DA:24,1
DA:25,1
DA:26,1
DA:27,1
DA:28,1
DA:29,1
DA:30,1
DA:31,1
DA:33,0
DA:35,1
DA:36,1
DA:40,1
DA:41,1
DA:42,1
DA:43,1
DA:44,1
DA:45,1
DA:46,1
DA:47,1
DA:48,1
DA:50,0
DA:52,1
DA:53,1
DA:57,1
DA:58,1
DA:59,1
DA:61,0
DA:63,1
DA:64,1
DA:68,1
DA:69,1
DA:70,1
DA:72,0
DA:74,1
DA:75,1
DA:79,1
DA:80,1
DA:82,0
DA:86,1
DA:87,1
DA:88,1
DA:92,1
DA:93,1
DA:94,1
DA:95,1
DA:96,1
DA:100,1
DA:101,1
DA:105,1
DA:106,1
DA:107,1
DA:108,1
DA:109,1
LF:65
LH:60
BRF:0
BRH:0
end_of_record
TN:
SF:/Users/kodek-sleuth/Desktop/ah-92explorers-backend/tests/bcrypt.test.js
FN:5,(anonymous_4)
FN:7,(anonymous_5)
FN:11,(anonymous_6)
FN:15,(anonymous_7)
FNF:4
FNH:4
FNDA:1,(anonymous_4)
FNDA:1,(anonymous_5)
FNDA:1,(anonymous_6)
FNDA:1,(anonymous_7)
DA:1,1
DA:2,1
DA:4,1
DA:5,1
DA:7,1
DA:8,1
DA:9,1
DA:11,1
DA:12,1
DA:13,1
DA:15,1
DA:16,1
DA:17,1
LF:13
LH:13
BRF:0
BRH:0
end_of_record
TN:
SF:/Users/kodek-sleuth/Desktop/ah-92explorers-backend/tests/index.test.js
FN:71,twitterUser
FN:86,googleFacebookUser
FNF:2
FNH:2
FNDA:1,twitterUser
FNDA:2,googleFacebookUser
DA:1,1
DA:7,1
DA:13,1
DA:18,1
DA:23,1
DA:29,1
DA:35,1
DA:41,1
DA:49,1
DA:53,1
DA:57,1
DA:61,1
DA:66,1
DA:71,1
DA:72,1
DA:83,1
DA:86,1
DA:87,2
DA:100,2
DA:103,1
LF:20
LH:20
BRF:0
BRH:0
end_of_record
TN:
SF:/Users/kodek-sleuth/Desktop/ah-92explorers-backend/tests/socialTest.js
FN:13,(anonymous_1)
FN:14,(anonymous_2)
FN:21,(anonymous_3)
FN:28,(anonymous_4)
FN:35,(anonymous_5)
FN:42,(anonymous_6)
FN:49,(anonymous_7)
FNF:7
FNH:7
FNDA:1,(anonymous_1)
FNDA:1,(anonymous_2)
FNDA:1,(anonymous_3)
FNDA:1,(anonymous_4)
FNDA:1,(anonymous_5)
FNDA:1,(anonymous_6)
FNDA:1,(anonymous_7)
DA:1,1
DA:2,1
DA:3,1
DA:4,1
DA:9,1
DA:10,1
DA:11,1
DA:13,1
DA:14,1
DA:15,1
DA:22,1
DA:23,1
DA:24,1
DA:28,1
DA:29,1
DA:36,1
DA:37,1
DA:38,1
DA:42,1
DA:43,1
DA:50,1
DA:51,1
DA:52,1
LF:23
LH:23
BRF:0
BRH:0
end_of_record
TN:
SF:/Users/kodek-sleuth/Desktop/ah-92explorers-backend/tests/token.test.js
FN:8,(anonymous_1)
FN:9,(anonymous_2)
FN:12,(anonymous_3)
FN:21,(anonymous_4)
FN:25,(anonymous_5)
FNF:5
FNH:5
FNDA:1,(anonymous_1)
FNDA:1,(anonymous_2)
FNDA:1,(anonymous_3)
FNDA:1,(anonymous_4)
FNDA:1,(anonymous_5)
DA:1,1
DA:2,1
DA:3,1
DA:5,1
DA:6,1
DA:8,1
DA:9,1
DA:10,1
DA:13,1
DA:14,1
DA:15,1
DA:16,1
DA:17,1
DA:21,1
DA:22,1
DA:26,1
DA:27,1
DA:28,1
DA:29,1
DA:30,1
LF:20
LH:20
BRF:0
BRH:0
end_of_record
TN:
SF:/Users/kodek-sleuth/Desktop/ah-92explorers-backend/tests/validation.test.js
FN:11,(anonymous_1)
FN:12,(anonymous_2)
FN:16,(anonymous_3)
FN:25,(anonymous_4)
FN:29,(anonymous_5)
FN:39,(anonymous_6)
FN:43,(anonymous_7)
FN:52,(anonymous_8)
FN:56,(anonymous_9)
FNF:9
FNH:9
FNDA:1,(anonymous_1)
FNDA:1,(anonymous_2)
FNDA:1,(anonymous_3)
FNDA:1,(anonymous_4)
FNDA:1,(anonymous_5)
FNDA:1,(anonymous_6)
FNDA:1,(anonymous_7)
FNDA:1,(anonymous_8)
FNDA:1,(anonymous_9)
DA:1,1
DA:2,1
DA:3,1
DA:4,1
DA:6,1
DA:8,1
DA:11,1
DA:12,1
DA:13,1
DA:17,1
DA:18,1
DA:19,1
DA:20,1
DA:21,1
DA:25,1
DA:26,1
DA:30,1
DA:31,1
DA:32,1
DA:33,1
DA:34,1
DA:35,1
DA:39,1
DA:40,1
DA:44,1
DA:45,1
DA:46,1
DA:47,1
DA:48,1
DA:52,1
DA:53,1
DA:57,1
DA:58,1
DA:59,1
DA:60,1
DA:61,1
DA:62,1
LF:37
LH:37
BRF:0
BRH:0
end_of_record
TN:
SF:/Users/kodek-sleuth/Desktop/ah-92explorers-backend/tests/verifyUser.test.js
FN:18,(anonymous_2)
FN:19,(anonymous_3)
FN:24,(anonymous_4)
FN:28,(anonymous_5)
FN:32,(anonymous_6)
FN:40,(anonymous_7)
FN:41,(anonymous_8)
FN:55,(anonymous_9)
FNF:8
FNH:5
FNDA:1,(anonymous_2)
FNDA:1,(anonymous_3)
FNDA:0,(anonymous_4)
FNDA:1,(anonymous_5)
FNDA:0,(anonymous_6)
FNDA:1,(anonymous_7)
FNDA:1,(anonymous_8)
FNDA:0,(anonymous_9)
DA:1,1
DA:2,1
DA:3,1
DA:4,1
DA:5,1
DA:6,1
DA:7,1
DA:10,1
DA:12,1
DA:13,1
DA:14,1
DA:15,1
DA:18,1
DA:19,1
DA:20,1
DA:25,0
DA:28,1
DA:29,1
DA:33,0
DA:34,0
DA:35,0
DA:40,1
DA:41,1
DA:42,1
DA:55,1
DA:56,0
LF:26
LH:21
BRF:0
BRH:0
end_of_record
